<?xml version="1.0" encoding="UTF-8"?>
<!-- Generated by org.testng.reporters.JUnitReportReporter -->
<testsuite hostname="BETSA" name="RestApiTests.GetUser" tests="2" failures="0" timestamp="10 Jul 2018 05:41:50 GMT" time="1.497" errors="0">
  <testcase name="getAllUsersReturns200" time="1.434" classname="RestApiTests.GetUser"/>
  <testcase name="getSingleUserReturns200" time="0.063" classname="RestApiTests.GetUser"/>
</testsuite> <!-- RestApiTests.GetUser -->
