<?xml version="1.0" encoding="UTF-8"?>
<!-- Generated by org.testng.reporters.JUnitReportReporter -->
<testsuite hostname="BETSA" name="RestApiTests.GetUser" tests="1" failures="0" timestamp="8 Jul 2018 00:14:55 GMT" time="1.485" errors="0">
  <testcase name="getUser2Returns200WithExpectedName" time="1.485" classname="RestApiTests.GetUser"/>
</testsuite> <!-- RestApiTests.GetUser -->
