<?xml version="1.0" encoding="UTF-8"?>
<!-- Generated by org.testng.reporters.JUnitReportReporter -->
<testsuite hostname="BETSA" name="RestApiTests.GetUser" tests="1" failures="0" timestamp="6 Jul 2018 19:40:57 GMT" time="1.455" errors="0">
  <testcase name="getUserReturns200WithExpectedName" time="1.455" classname="RestApiTests.GetUser"/>
</testsuite> <!-- RestApiTests.GetUser -->
